[2J[01;01H[=3h[2J[01;01H[2J[01;01H[=3h[2J[01;01H[2J[01;01H[=3h[2J[01;01H[2J[01;01H[01;01H[2J[01;01H[01;01H[FB] fb_console_init called
[FB] Address: 0xFFFF8000E0000000
[FB] Size: 0x0000000000000780x0x0000000000000438 bpp=0x0000000000000020
[0.000] [INFO]  [GDT] Initializing 64-bit GDT...
[0.000] [INFO]  [GDT] GDT initialized
[0.000] [INFO]  [GDT] GDT base: 0x80227080
[0.000] [INFO]  [GDT] TSS RSP0: 0x80227000
[0.000] [INFO]  [IDT] Initializing 64-bit IDT...
[0.000] [INFO]  [IDT] IDT initialized
[0.000] [INFO]  [IDT] IDT base: 0x802270D0
[0.000] [INFO]  [CPU] x86-64 CPU initialized
[0.000] [INFO]  [CPU] EFER: 0x00000D00
[0.000] [INFO]  [SYSCALL] === Initializing Syscall Interface ===
[0.000] [INFO]  [SYSCALL] INT 0x80 registered (DPL=3)
[0.000] [INFO]  [LINUX] Linux compatibility layer initialized
[0.000] [INFO]  [SYSCALL] Syscall interface ready!
[0.000] [INFO]  [KLOG] Early logging initialized (memory buffer + serial)
[0.000] [INFO]  [KERNEL] Booted by Limine
[0.000] [INFO]  [KERNEL] Limine
[0.000] [INFO]  [KERNEL] HHDM offset: 0xFFFF8000
[0.000] [INFO]  [KERNEL] HHDM offset (low): 0x00000000
[0.000] [INFO]  [KERNEL] Memory map entries: 29
[0.000] [INFO]  [KERNEL] Total usable RAM (MB): 8144
[0.000] [INFO]  [KERNEL] Initializing timer...
[0.000] [INFO]  [KERNEL] Timer initialized
[0.001] [INFO]  [KERNEL] Interrupts enabled
[0.002] [INFO]  [PMM] Total blocks: 1048576
[0.003] [INFO]  [PMM] Used blocks: 143514
[0.006] [INFO]  [PMM] === Physical Memory Manager ===
[0.007] [INFO]  [PMM] Free blocks: 905062
[0.007] [INFO]  [PMM] Free memory (KiB): 3620248
[0.008] [INFO]  [HEAP] === Kernel Heap (kmalloc) ===
[0.008] [INFO]  [HEAP] Heap start: 0x00100000
[0.009] [INFO]  [HEAP] Size (KiB): 1024
[0.010] [INFO]  [HEAP] Header size (bytes): 24
[0.010] [INFO]  [VMM] === Virtual Memory Manager (x86-64) ===
[0.011] [INFO]  [VMM] HHDM offset (high): 0xFFFF8000
[0.011] [INFO]  [VMM] HHDM offset (low): 0x00000000
[0.011] [INFO]  [VMM] Kernel PML4 phys: 0xDF00A000
[0.013] [INFO]  [VMM] VMM initialized (using Limine paging)
[0.014] [INFO]  [MMIO] === MMIO Subsystem Initialization ===
[0.014] [INFO]  [MMIO] MMIO virtual base (high): 0xFFFF9000
[0.015] [INFO]  [MMIO] MMIO virtual end (high):  0xFFFFA000
[0.016] [INFO]  [MMIO] MMIO subsystem initialized (dedicated zone)
[0.017] [INFO]  [PCI] Starting PCI bus enumeration...
[0.017] [INFO]  [PCI] Found device 
[0.018] [INFO]  [PCI] Intel
[0.018] [INFO]  [PCI]   Vendor:Device = 0x00008086
[0.019] [INFO]  [PCI] Found device 
[0.019] [INFO]  [PCI] Intel
[0.019] [INFO]  [PCI]   Vendor:Device = 0x00008086
[0.020] [INFO]  [PCI] Found device 
[0.021] [INFO]  [PCI] Intel
[0.021] [INFO]  [PCI]   Vendor:Device = 0x00008086
[0.022] [INFO]  [PCI] Found device 
[0.022] [INFO]  [PCI] VMware
[0.022] [INFO]  [PCI]   Vendor:Device = 0x000015AD
[0.023] [INFO]  [PCI] Found device 
[0.024] [INFO]  [PCI] Red Hat (VirtIO)
[0.024] [INFO]  [PCI]   Vendor:Device = 0x00001AF4
[0.025] [INFO]  [PCI] Found device 
[0.025] [INFO]  [PCI] VirtualBox
[0.025] [INFO]  [PCI]   Vendor:Device = 0x000080EE
[0.026] [INFO]  [PCI] Found device 
[0.026] [INFO]  [PCI] Intel
[0.027] [INFO]  [PCI]   Vendor:Device = 0x00008086
[0.027] [INFO]  [PCI] Found device 
[0.028] [INFO]  [PCI] Intel
[0.028] [INFO]  [PCI]   Vendor:Device = 0x00008086
[0.043] [INFO]  [PCI] PCI scan complete, devices found: 8
[0.044] [INFO]  [ATA] Initializing ATA/IDE driver...
[0.044] [WARN]  [ATA] Device is not ATA (ATAPI or SATA?)
[0.045] [ERROR] [ATA] IDENTIFY command failed
[0.045] [INFO]  [NETDEV] Detecting network devices...
[0.046] [INFO]  [NETDEV] Found PCnet PCI device, initializing...
[0.047] [INFO]  [NETDEV] Looking for Intel e1000...
[0.047] [INFO]  [NETDEV] Looking for VirtIO...
[0.047] [INFO]  [NETDEV] Found VirtIO PCI device, initializing...
[0.048] [INFO]  [VIRTIO-NET] === VirtIO Network Driver (MMIO) ===
[0.048] [INFO]  [VIRTIO] Creating device from PCI
[0.049] [INFO]  [VIRTIO]   I/O Base (PIO): 0x0000C160
[0.049] [INFO]  [VIRTIO_MODERN] Found Common Config:
[0.050] [INFO]  [VIRTIO_MODERN]   BAR: 0x00000002
[0.050] [INFO]  [VIRTIO_MODERN]   Offset: 0x00000000
[0.050] [INFO]  [VIRTIO_MODERN]   Length: 0x00000038
[0.050] [INFO]  [VIRTIO_MODERN] Found Notify Config:
[0.050] [INFO]  [VIRTIO_MODERN]   BAR: 0x00000002
[0.051] [INFO]  [VIRTIO_MODERN]   Multiplier: 0x00000002
[0.051] [INFO]  [VIRTIO_MODERN] Found ISR Config:
[0.052] [INFO]  [VIRTIO_MODERN]   BAR: 0x00000002
[0.052] [INFO]  [VIRTIO_MODERN] Found Device Config:
[0.053] [INFO]  [VIRTIO_MODERN]   BAR: 0x00000002
[0.054] [INFO]  [VIRTIO_MODERN] VirtIO Modern detected!
[0.054] [INFO]  [VIRTIO_MODERN]   Capabilities found: 0x00000004
[0.055] [INFO]  [VIRTIO]   VirtIO Modern detected, attempting MMIO setup...
[0.055] [INFO]  [VIRTIO_MODERN] Mapping MMIO BARs...
[0.057] [INFO]  [VIRTIO_MODERN]   Mapping BAR0x00000002
[0.057] [INFO]  [VIRTIO_MODERN]     Phys: 0xE1604000
[0.058] [INFO]  [VIRTIO_MODERN]     Size: 0x00002000
[0.059] [INFO]  [MMIO] ioremap: mapping phys 0xE1604000
[0.060] [INFO]  [MMIO]               to virt (high) 0xFFFF9000
[0.061] [INFO]  [MMIO]               to virt (low)  0x00000000
[0.062] [INFO]  [MMIO]               size 0x00002000
[0.063] [INFO]  [VIRTIO_MODERN]     Virt: 0x00000000
[0.063] [INFO]  [VIRTIO_MODERN]   Common cfg at: 0x00000000
[0.064] [INFO]  [VIRTIO_MODERN]   Notify base at: 0x00000038
[0.064] [INFO]  [VIRTIO_MODERN]   ISR BAR index: 0x00000002
[0.065] [INFO]  [VIRTIO_MODERN]   ISR offset: 0x0000006C
[0.065] [INFO]  [VIRTIO_MODERN]   ISR final addr: 0x0000006C
[0.066] [INFO]  [VIRTIO_MODERN]   Device cfg at: 0x00000070
[0.066] [INFO]  [VIRTIO_MODERN] MMIO mapping complete!
[0.067] [INFO]  [VIRTIO]   *** Using PCI Modern MMIO transport ***
[0.068] [INFO]  [VIRTIO]   IRQ: 0x0000000B
[0.068] [INFO]  [VIRTIO-NET] Transport: PCI Legacy (PIO)
[0.068] [INFO]  [VIRTIO-NET] I/O Base: 0x0000C160
[0.069] [INFO]  [VIRTIO] Initializing device...
[0.071] [INFO]  [VIRTIO]   Device features: 0x002FDDA3
[0.071] [INFO]  [VIRTIO]   Accepted features: 0x00010020
[0.072] [INFO]  [VIRTIO-NET] Setting up RX queue...
[0.072] [INFO]  [VIRTIO_MODERN] Queue setup:0x00000000
[0.073] [INFO]  [VIRTIO_MODERN]   Desc phys: 0x00203000
[0.074] [INFO]  [VIRTIO_MODERN]   Avail phys: 0x00204000
[0.074] [INFO]  [VIRTIO_MODERN]   Used phys: 0x00205000
[0.075] [INFO]  [VIRTIO_MODERN]   Notify offset: 0x00000000
[0.075] [INFO]  [VIRTIO_MODERN] Queue enabled!
[0.075] [INFO]  [VIRTIO-NET] Setting up TX queue...
[0.076] [INFO]  [VIRTIO_MODERN] Queue setup:0x00000001
[0.076] [INFO]  [VIRTIO_MODERN]   Desc phys: 0x00206000
[0.077] [INFO]  [VIRTIO_MODERN]   Avail phys: 0x00207000
[0.077] [INFO]  [VIRTIO_MODERN]   Used phys: 0x00208000
[0.078] [INFO]  [VIRTIO_MODERN]   Notify offset: 0x00000001
[0.079] [INFO]  [VIRTIO_MODERN] Queue enabled!
[0.079] [INFO]  [VIRTIO-NET] MAC Address read from device config
[0.080] [INFO]  [VIRTIO-NET] IRQ: 11
[0.081] [INFO]  [VIRTIO] Device initialization complete
[0.081] [INFO]  [NETIF] Interface registered
[0.082] [INFO]  [VIRTIO-NET] Driver initialized successfully!
[0.082] [INFO]  [NETDEV] Found: Virtio Network Device
[0.083] [INFO]  [NETDEV] Total devices: 1
[0.083] [INFO]  [NET] Network layer initialized
[0.083] [INFO]  [NET] Status: Waiting for DHCP or static configuration
[0.084] [INFO]  [ROUTE] Initializing routing table...
[0.084] [INFO]  [ROUTE] Routing table initialized (waiting for DHCP)
[0.085] [INFO]  [NET] Network stack ready!
[0.085] [INFO]  [DHCP] Starting DHCP configuration...
[0.086] [INFO]  [DHCP] Client initialized
[0.087] [INFO]  [DHCP] Discovering...
[0.087] [INFO]  [DHCP] Waiting for DHCP response...

[0.287] [WARN]  [DHCP] DHCP configuration timed out
[0.287] [INFO]  [TCP] Initializing TCP stack...
[0.287] [INFO]  [TCP] Socket pool grown from 0
[0.288] [INFO]  [TCP] Socket pool grown to 8
[0.288] [INFO]  [TCP] Initial sockets allocated: 8
[0.289] [INFO]  [MOUSE] Initializing PS/2 mouse driver...
[0.388] [INFO]  [DHCP] *** BOUND ***
[0.388] [INFO]  [DHCP] IP Address: 0xC0A8008B
[0.388] [INFO]  [DHCP] Lease Time: 86400
[0.388] [INFO]  [ROUTE] Updating routes from DHCP...
[0.388] [INFO]  [ROUTE] Route added
[0.388] [INFO]  [ROUTE] Route added
[0.388] [INFO]  [ROUTE] Routes updated, count: 2
[1.145] [INFO]  [MOUSE] Scroll wheel detected (ID=3)
[1.536] [INFO]  [MOUSE] PS/2 mouse initialized successfully
[1.536] [INFO]  [MOUSE] PS/2 mouse driver initialized
[1.538] [INFO]  [CPU] SYSCALL/SYSRET initialized
[1.539] [INFO]  [CPU] STAR: 0x00000000
[1.539] [INFO]  [CPU] LSTAR: 0x800024A1
[1.540] [INFO]  [USERMODE] User mode support initialized
[1.540] [INFO]  [USERMODE] SYSCALL stack: 0x8022C0D0
[1.541] [INFO]  [TASK] === Initializing Multitasking ===
[1.542] [INFO]  [SCHED] === Initializing Scheduler ===
[1.542] [INFO]  [SCHED] Main thread created (adopts current context)
[1.543] [INFO]  [THREAD] Creating thread:
[1.543] [INFO]  [THREAD] idle
[1.544] [INFO]  [THREAD] Created thread TID: 2
[1.544] [INFO]  [THREAD] Stack: 0x00111E28
[1.545] [INFO]  [THREAD] ESP: 0x00115DE8
[1.545] [INFO]  [SCHED] Scheduler initialized
[1.546] [INFO]  [SCHED] Starting scheduler
[1.546] [INFO]  [REAPER] Initializing reaper thread
[1.547] [INFO]  [THREAD] Creating thread:
[1.547] [INFO]  [THREAD] reaper
[1.547] [INFO]  [THREAD] Created thread TID: 3
[1.548] [INFO]  [THREAD] Stack: 0x00116060
[1.548] [INFO]  [THREAD] ESP: 0x0011A020
[1.549] [INFO]  [REAPER] Reaper thread initialized
[1.551] [INFO]  [WORKQ] Initializing global kernel worker pool
[1.551] [INFO]  [WORKQ] Creating worker pool with workers:
[1.552] [INFO]  [WORKQ] Count: 4
[1.552] [INFO]  [THREAD] Creating thread:
[1.553] [INFO]  [THREAD] worker-0
[1.553] [INFO]  [THREAD] Created thread TID: 4
[1.554] [INFO]  [THREAD] Stack: 0x0011A278
[1.554] [INFO]  [THREAD] ESP: 0x0011E238
[1.555] [INFO]  [THREAD] Creating thread:
[1.555] [INFO]  [THREAD] worker-1
[1.555] [INFO]  [THREAD] Created thread TID: 5
[1.555] [INFO]  [THREAD] Stack: 0x0011E3D8
[1.555] [INFO]  [THREAD] ESP: 0x00122398
[1.556] [INFO]  [THREAD] Creating thread:
[1.556] [INFO]  [THREAD] worker-2
[1.557] [INFO]  [THREAD] Created thread TID: 6
[1.557] [INFO]  [THREAD] Stack: 0x00122538
[1.557] [INFO]  [THREAD] ESP: 0x001264F8
[1.558] [INFO]  [THREAD] Creating thread:
[1.559] [INFO]  [THREAD] worker-3
[1.559] [INFO]  [THREAD] Created thread TID: 7
[1.559] [INFO]  [THREAD] Stack: 0x00126698
[1.560] [INFO]  [THREAD] ESP: 0x0012A658
[1.560] [INFO]  [WORKQ] Worker pool created successfully
[1.561] [INFO]  [WORKQ] Kernel worker pool initialized
[1.561] [INFO]  [TASK] Multitasking initialized
[1.562] [INFO]  [TASK] Idle process PID: 0
[1.564] [INFO]  [SHELL] Prompt displayed, waiting for input...
[1.565] [INFO]  [KBD] Keyboard semaphore initialized
[1.565] [INFO]  [WORKER] Worker thread started
[1.566] [INFO]  [WORKER] Worker thread started
[1.566] [INFO]  [WORKER] Worker thread started
[1.566] [INFO]  [WORKER] Worker thread started
[1.567] [INFO]  [REAPER] Reaper thread started
[1.568] [INFO]  [IDLE] Idle thread started, enabling interrupts
[5.424] [INFO]  [SHELL] Prompt displayed, waiting for input...
[5.605] [INFO]  [SHELL] Prompt displayed, waiting for input...
[5.762] [INFO]  [SHELL] Prompt displayed, waiting for input...
[5.938] [INFO]  [SHELL] Prompt displayed, waiting for input...
[6.117] [INFO]  [SHELL] Prompt displayed, waiting for input...
[6.294] [INFO]  [SHELL] Prompt displayed, waiting for input...
[6.435] [INFO]  [SHELL] Prompt displayed, waiting for input...
[6.594] [INFO]  [SHELL] Prompt displayed, waiting for input...
[6.757] [INFO]  [SHELL] Prompt displayed, waiting for input...
[6.933] [INFO]  [SHELL] Prompt displayed, waiting for input...
[7.112] [INFO]  [SHELL] Prompt displayed, waiting for input...
[7.248] [INFO]  [SHELL] Prompt displayed, waiting for input...
[8.446] [ERROR] [VFS] create: parent directory not found
[8.447] [ERROR] [CONFIG] Failed to create history file
[8.451] [INFO]  [SHELL] Prompt displayed, waiting for input...
[9.292] [INFO]  [SHELL] Prompt displayed, waiting for input...
[9.429] [INFO]  [SHELL] Prompt displayed, waiting for input...
[9.563] [INFO]  [SHELL] Prompt displayed, waiting for input...
[9.700] [INFO]  [SHELL] Prompt displayed, waiting for input...
[10.754] [ERROR] [VFS] create: parent directory not found
[10.754] [ERROR] [CONFIG] Failed to create history file
[10.762] [INFO]  [SSFN] ssfn_t context size70392
[10.763] [INFO]  [SSFN] Loading Unifont...
[10.763] [INFO]  [SSFN] font_unifont_ssfn0x800432C0
[10.764] [INFO]  [SSFN] ssfn_load returned0
[10.764] [INFO]  [SSFN] Selecting 12px...
[10.765] [INFO]  [SSFN] ssfn_select returned0
[10.765] [INFO]  [SSFN] Scalable renderer ready!
[10.766] [INFO]  [SSFN] render_text called
[10.766] [INFO]  [SSFN]   ssfn_ctx0x8027B060
[10.767] [INFO]  [SSFN]   ssfn_buf.ptr0xE0000000
[10.767] [INFO]  [SSFN]   Rendering char0
[10.768] [INFO]  [SSFN]   ssfn_render returned1
[10.768] [INFO]  [SSFN]   Rendering char1
[10.769] [INFO]  [SSFN]   ssfn_render returned1
[10.770] [INFO]  [SSFN]   Rendering char2
[10.770] [INFO]  [SSFN]   ssfn_render returned1
[10.770] [INFO]  [SSFN]   Rendering char3
[10.771] [INFO]  [SSFN]   ssfn_render returned1
[10.771] [INFO]  [SSFN]   Rendering char4
[10.772] [INFO]  [SSFN]   ssfn_render returned1
[10.772] [INFO]  [SSFN]   Rendering char5
[10.772] [INFO]  [SSFN]   ssfn_render returned1
[10.773] [INFO]  [SSFN]   Rendering char6
[10.773] [INFO]  [SSFN]   ssfn_render returned1
[10.774] [INFO]  [SSFN]   Rendering char7
[10.774] [INFO]  [SSFN]   ssfn_render returned1
[10.774] [INFO]  [SSFN]   Rendering char8
[10.775] [INFO]  [SSFN]   ssfn_render returned1
[10.775] [INFO]  [SSFN]   Rendering char9
[10.776] [INFO]  [SSFN]   ssfn_render returned1
[10.776] [INFO]  [SSFN]   Rendering char10
[10.777] [INFO]  [SSFN]   ssfn_render returned1
[10.777] [INFO]  [SSFN]   Rendering char11
[10.778] [INFO]  [SSFN]   ssfn_render returned1
[10.779] [INFO]  [SSFN]   Rendering char12
[10.779] [INFO]  [SSFN]   ssfn_render returned1
[10.780] [INFO]  [SSFN]   Rendering char13
[10.780] [INFO]  [SSFN]   ssfn_render returned1
[10.781] [INFO]  [SSFN]   Rendering char14
[10.781] [INFO]  [SSFN]   ssfn_render returned1
[10.781] [INFO]  [SSFN]   Rendering char15
[10.782] [INFO]  [SSFN]   ssfn_render returned1
[10.782] [INFO]  [SSFN]   Rendering char16
[10.783] [INFO]  [SSFN]   ssfn_render returned1
[10.783] [INFO]  [SSFN]   Rendering char17
[10.784] [INFO]  [SSFN]   ssfn_render returned1
[10.784] [INFO]  [SSFN]   Rendering char18
[10.785] [INFO]  [SSFN]   ssfn_render returned1
[10.785] [INFO]  [SSFN]   Rendering char19
[10.785] [INFO]  [SSFN]   ssfn_render returned1
[10.786] [INFO]  [SSFN]   Rendering char20
[10.786] [INFO]  [SSFN]   ssfn_render returned1
[10.787] [INFO]  [SSFN]   Rendering char21
[10.787] [INFO]  [SSFN]   ssfn_render returned1
[10.788] [INFO]  [SSFN]   Rendering char22
[10.788] [INFO]  [SSFN]   ssfn_render returned1
[10.788] [INFO]  [SSFN]   Rendering char23
[10.789] [INFO]  [SSFN]   ssfn_render returned1
[10.789] [INFO]  [SSFN]   Rendering char24
[10.789] [INFO]  [SSFN]   ssfn_render returned1
[10.790] [INFO]  [SSFN] render_text called
[10.791] [INFO]  [SSFN]   ssfn_ctx0x8027B060
[10.791] [INFO]  [SSFN]   ssfn_buf.ptr0xE0000000
[10.791] [INFO]  [SSFN]   Rendering char0
[10.792] [INFO]  [SSFN]   ssfn_render returned1
[10.792] [INFO]  [SSFN]   Rendering char1
[10.793] [INFO]  [SSFN]   ssfn_render returned1
[10.794] [INFO]  [SSFN]   Rendering char2
[10.795] [INFO]  [SSFN]   ssfn_render returned1
[10.795] [INFO]  [SSFN]   Rendering char3
[10.796] [INFO]  [SSFN]   ssfn_render returned1
[10.796] [INFO]  [SSFN]   Rendering char4
[10.797] [INFO]  [SSFN]   ssfn_render returned1
[10.797] [INFO]  [SSFN]   Rendering char5
[10.798] [INFO]  [SSFN]   ssfn_render returned1
[10.798] [INFO]  [SSFN]   Rendering char6
[10.798] [INFO]  [SSFN]   ssfn_render returned1
[10.799] [INFO]  [SSFN]   Rendering char7
[10.799] [INFO]  [SSFN]   ssfn_render returned1
[10.800] [INFO]  [SSFN]   Rendering char8
[10.800] [INFO]  [SSFN]   ssfn_render returned1
[10.801] [INFO]  [SSFN]   Rendering char9
[10.802] [INFO]  [SSFN]   ssfn_render returned1
[10.802] [INFO]  [SSFN]   Rendering char10
[10.802] [INFO]  [SSFN]   ssfn_render returned1
[10.803] [INFO]  [SSFN]   Rendering char11
[10.803] [INFO]  [SSFN]   ssfn_render returned1
[10.804] [INFO]  [SSFN]   Rendering char12
[10.804] [INFO]  [SSFN]   ssfn_render returned1
[10.805] [INFO]  [SSFN]   Rendering char13
[10.805] [INFO]  [SSFN]   ssfn_render returned1
[10.806] [INFO]  [SSFN]   Rendering char14
[10.806] [INFO]  [SSFN]   ssfn_render returned1
[10.806] [INFO]  [SSFN]   Rendering char15
[10.806] [INFO]  [SSFN]   ssfn_render returned1
[10.806] [INFO]  [SSFN]   Rendering char16
[10.806] [INFO]  [SSFN]   ssfn_render returned1
[10.807] [INFO]  [SSFN]   Rendering char17
[10.807] [INFO]  [SSFN]   ssfn_render returned1
[10.808] [INFO]  [SSFN]   Rendering char18
[10.808] [INFO]  [SSFN]   ssfn_render returned1
[10.809] [INFO]  [SSFN]   Rendering char19
[10.809] [INFO]  [SSFN]   ssfn_render returned1
[10.810] [INFO]  [SSFN]   Rendering char20
[10.810] [INFO]  [SSFN]   ssfn_render returned1
[10.811] [INFO]  [SSFN] render_text called
[10.811] [INFO]  [SSFN]   ssfn_ctx0x8027B060
[10.812] [INFO]  [SSFN]   ssfn_buf.ptr0xE0000000
[10.812] [INFO]  [SSFN]   Rendering char0
[10.813] [INFO]  [SSFN]   ssfn_render returned1
[10.813] [INFO]  [SSFN]   Rendering char1
[10.813] [INFO]  [SSFN]   ssfn_render returned1
[10.814] [INFO]  [SSFN]   Rendering char2
[10.814] [INFO]  [SSFN]   ssfn_render returned1
[10.815] [INFO]  [SSFN]   Rendering char3
[10.815] [INFO]  [SSFN]   ssfn_render returned1
[10.816] [INFO]  [SSFN]   Rendering char4
[10.816] [INFO]  [SSFN]   ssfn_render returned2
[10.817] [INFO]  [SSFN]   Rendering char5
[10.817] [INFO]  [SSFN]   ssfn_render returned1
[10.818] [INFO]  [SSFN]   Rendering char6
[10.818] [INFO]  [SSFN]   ssfn_render returned1
[10.819] [INFO]  [SSFN]   Rendering char7
[10.821] [INFO]  [SSFN]   ssfn_render returned1
[10.821] [INFO]  [SSFN]   Rendering char8
[10.821] [INFO]  [SSFN]   ssfn_render returned1
[10.821] [INFO]  [SSFN]   Rendering char9
[10.821] [INFO]  [SSFN]   ssfn_render returned1
[10.821] [INFO]  [SSFN]   Rendering char10
[10.822] [INFO]  [SSFN]   ssfn_render returned1
[10.822] [INFO]  [SSFN]   Rendering char11
[10.823] [INFO]  [SSFN]   ssfn_render returned1
[10.823] [INFO]  [SSFN]   Rendering char12
[10.824] [INFO]  [SSFN]   ssfn_render returned1
[10.824] [INFO]  [SSFN]   Rendering char13
[10.824] [INFO]  [SSFN]   ssfn_render returned1
[10.825] [INFO]  [SSFN]   Rendering char14
[10.826] [INFO]  [SSFN]   ssfn_render returned1
[10.826] [INFO]  [SSFN]   Rendering char15
[10.827] [INFO]  [SSFN]   ssfn_render returned1
[10.827] [INFO]  [SSFN]   Rendering char16
[10.828] [INFO]  [SSFN]   ssfn_render returned1
[10.829] [INFO]  [SSFN]   Rendering char17
[10.829] [INFO]  [SSFN]   ssfn_render returned1
[10.829] [INFO]  [SSFN]   Rendering char18
[10.829] [INFO]  [SSFN]   ssfn_render returned1
[10.829] [INFO]  [SSFN]   Rendering char19
[10.829] [INFO]  [SSFN]   ssfn_render returned2
[10.830] [INFO]  [SSFN]   Rendering char20
[10.830] [INFO]  [SSFN]   ssfn_render returned2
[10.831] [INFO]  [SSFN]   Rendering char21
[10.832] [INFO]  [SSFN]   ssfn_render returned2
[10.833] [INFO]  [SSFN]   Rendering char22
[10.833] [INFO]  [SSFN]   ssfn_render returned2
[10.834] [INFO]  [SSFN]   Rendering char23
[10.835] [INFO]  [SSFN]   ssfn_render returned2
[10.835] [INFO]  [SSFN] render_text called
[10.836] [INFO]  [SSFN]   ssfn_ctx0x8027B060
[10.837] [INFO]  [SSFN]   ssfn_buf.ptr0xE0000000
[10.837] [INFO]  [SSFN]   Rendering char0
[10.838] [INFO]  [SSFN]   ssfn_render returned3
[10.839] [INFO]  [SSFN]   Rendering char1
[10.839] [INFO]  [SSFN]   ssfn_render returned3
[10.840] [INFO]  [SSFN]   Rendering char2
[10.840] [INFO]  [SSFN]   ssfn_render returned3
[10.841] [INFO]  [SSFN]   Rendering char3
[10.841] [INFO]  [SSFN]   ssfn_render returned1
[10.842] [INFO]  [SSFN]   Rendering char4
[10.842] [INFO]  [SSFN]   ssfn_render returned1
[10.842] [INFO]  [SSFN]   Rendering char5
[10.843] [INFO]  [SSFN]   ssfn_render returned3
[10.843] [INFO]  [SSFN]   Rendering char6
[10.844] [INFO]  [SSFN]   ssfn_render returned3
[10.844] [INFO]  [SSFN]   Rendering char7
[10.844] [INFO]  [SSFN]   ssfn_render returned3
[10.844] [INFO]  [SSFN]   Rendering char8
[10.844] [INFO]  [SSFN]   ssfn_render returned3
[10.844] [INFO]  [SSFN]   Rendering char9
[10.844] [INFO]  [SSFN]   ssfn_render returned3
[10.844] [INFO]  [SSFN] render_text called
[10.845] [INFO]  [SSFN]   ssfn_ctx0x8027B060
[10.846] [INFO]  [SSFN]   ssfn_buf.ptr0xE0000000
[10.847] [INFO]  [SSFN]   Rendering char0
[10.848] [INFO]  [SSFN]   ssfn_render returned3
[10.848] [INFO]  [SSFN]   Rendering char1
[10.848] [INFO]  [SSFN]   ssfn_render returned3
[10.848] [INFO]  [SSFN]   Rendering char2
[10.849] [INFO]  [SSFN]   ssfn_render returned1
[10.849] [INFO]  [SSFN]   Rendering char3
[10.850] [INFO]  [SSFN]   ssfn_render returned1
[10.850] [INFO]  [SSFN]   Rendering char4
[10.851] [INFO]  [SSFN]   ssfn_render returned3
[10.851] [INFO]  [SSFN]   Rendering char5
[10.852] [INFO]  [SSFN]   ssfn_render returned3
[10.852] [INFO]  [SSFN]   Rendering char6
[10.853] [INFO]  [SSFN]   ssfn_render returned3
[10.853] [INFO]  [SSFN]   Rendering char7
[10.854] [INFO]  [SSFN]   ssfn_render returned3
[10.854] [INFO]  [SSFN] render_text called
[10.854] [INFO]  [SSFN]   ssfn_ctx0x8027B060
[10.854] [INFO]  [SSFN]   ssfn_buf.ptr0xE0000000
[10.854] [INFO]  [SSFN]   Rendering char0
[10.854] [INFO]  [SSFN]   ssfn_render returned2
[10.854] [INFO]  [SSFN]   Rendering char1
[10.854] [INFO]  [SSFN]   ssfn_render returned2
[10.854] [INFO]  [SSFN]   Rendering char2
[10.855] [INFO]  [SSFN]   ssfn_render returned2
[10.855] [INFO]  [SSFN]   Rendering char3
[10.856] [INFO]  [SSFN]   ssfn_render returned2
[10.856] [INFO]  [SSFN]   Rendering char4
[10.857] [INFO]  [SSFN]   ssfn_render returned2
[10.857] [INFO]  [SSFN]   Rendering char5
[10.859] [INFO]  [SSFN]   ssfn_render returned2
[10.860] [INFO]  [SSFN]   Rendering char6
[10.860] [INFO]  [SSFN]   ssfn_render returned2
[10.861] [INFO]  [SSFN]   Rendering char7
[10.862] [INFO]  [SSFN]   ssfn_render returned1
[10.862] [INFO]  [SSFN]   Rendering char8
[10.863] [INFO]  [SSFN]   ssfn_render returned1
[10.863] [INFO]  [SSFN]   Rendering char9
[10.864] [INFO]  [SSFN]   ssfn_render returned2
[10.865] [INFO]  [SSFN]   Rendering char10
[10.865] [INFO]  [SSFN]   ssfn_render returned2
[10.865] [INFO]  [SSFN]   Rendering char11
[10.865] [INFO]  [SSFN]   ssfn_render returned2
[10.865] [INFO]  [SSFN]   Rendering char12
[10.865] [INFO]  [SSFN]   ssfn_render returned2
[10.866] [INFO]  [SSFN]   Rendering char13
[10.866] [INFO]  [SSFN]   ssfn_render returned2
[10.867] [INFO]  [SSFN]   Rendering char14
[10.867] [INFO]  [SSFN]   ssfn_render returned2
[10.868] [INFO]  [SSFN]   Rendering char15
[10.868] [INFO]  [SSFN]   ssfn_render returned1
[10.869] [INFO]  [SSFN]   Rendering char16
[10.869] [INFO]  [SSFN]   ssfn_render returned2
[10.870] [INFO]  [SSFN]   Rendering char17
[10.870] [INFO]  [SSFN]   ssfn_render returned2
[10.871] [INFO]  [SSFN]   Rendering char18
[10.872] [INFO]  [SSFN]   ssfn_render returned2
[11.074] [INFO]  [SSFN] render_text called
[11.074] [INFO]  [SSFN]   ssfn_ctx0x8027B060
[11.075] [INFO]  [SSFN]   ssfn_buf.ptr0xE0000000
[11.075] [INFO]  [SSFN]   Rendering char0
[11.076] [INFO]  [SSFN]   ssfn_render returned1
[11.076] [INFO]  [SSFN]   Rendering char1
[11.076] [INFO]  [SSFN]   ssfn_render returned1
[11.077] [INFO]  [SSFN]   Rendering char2
[11.077] [INFO]  [SSFN]   ssfn_render returned1
[11.078] [INFO]  [SSFN]   Rendering char3
[11.078] [INFO]  [SSFN]   ssfn_render returned1
[11.079] [INFO]  [SSFN]   Rendering char4
[11.079] [INFO]  [SSFN]   ssfn_render returned1
[11.079] [INFO]  [SSFN]   Rendering char5
[11.080] [INFO]  [SSFN]   ssfn_render returned1
[11.080] [INFO]  [SSFN]   Rendering char6
[11.081] [INFO]  [SSFN]   ssfn_render returned1
[11.081] [INFO]  [SSFN]   Rendering char7
[11.081] [INFO]  [SSFN]   ssfn_render returned1
[11.082] [INFO]  [SSFN]   Rendering char8
[11.082] [INFO]  [SSFN]   ssfn_render returned1
[11.083] [INFO]  [SSFN]   Rendering char9
[11.083] [INFO]  [SSFN]   ssfn_render returned1
[11.084] [INFO]  [SSFN]   Rendering char10
[11.085] [INFO]  [SSFN]   ssfn_render returned1
[11.085] [INFO]  [SSFN]   Rendering char11
[11.086] [INFO]  [SSFN]   ssfn_render returned1
[11.086] [INFO]  [SSFN]   Rendering char12
[11.087] [INFO]  [SSFN]   ssfn_render returned1
[11.087] [INFO]  [SSFN]   Rendering char13
[11.088] [INFO]  [SSFN]   ssfn_render returned1
[11.088] [INFO]  [SSFN]   Rendering char14
[11.089] [INFO]  [SSFN]   ssfn_render returned1
[11.090] [INFO]  [SSFN]   Rendering char15
[11.090] [INFO]  [SSFN]   ssfn_render returned1
[11.091] [INFO]  [SSFN]   Rendering char16
[11.091] [INFO]  [SSFN]   ssfn_render returned1
[11.092] [INFO]  [SSFN]   Rendering char17
[11.092] [INFO]  [SSFN]   ssfn_render returned1
[11.092] [INFO]  [SSFN]   Rendering char18
[11.093] [INFO]  [SSFN]   ssfn_render returned1
[11.093] [INFO]  [SSFN]   Rendering char19
[11.094] [INFO]  [SSFN]   ssfn_render returned1
[11.094] [INFO]  [SSFN]   Rendering char20
[11.095] [INFO]  [SSFN]   ssfn_render returned1
[11.095] [INFO]  [SSFN]   Rendering char21
[11.095] [INFO]  [SSFN]   ssfn_render returned1
[11.096] [INFO]  [SSFN]   Rendering char22
[11.096] [INFO]  [SSFN]   ssfn_render returned1
[11.097] [INFO]  [SSFN]   Rendering char23
[11.097] [INFO]  [SSFN]   ssfn_render returned1
[11.097] [INFO]  [SSFN] render_text called
[11.097] [INFO]  [SSFN]   ssfn_ctx0x8027B060
[11.098] [INFO]  [SSFN]   ssfn_buf.ptr0xE0000000
[11.098] [INFO]  [SSFN]   Rendering char0
[11.098] [INFO]  [SSFN]   ssfn_render returned1
[11.099] [INFO]  [SSFN]   Rendering char1
[11.099] [INFO]  [SSFN]   ssfn_render returned1
[11.100] [INFO]  [SSFN]   Rendering char2
[11.100] [INFO]  [SSFN]   ssfn_render returned1
[11.101] [INFO]  [SSFN]   Rendering char3
[11.101] [INFO]  [SSFN]   ssfn_render returned1
[11.102] [INFO]  [SSFN]   Rendering char4
[11.103] [INFO]  [SSFN]   ssfn_render returned2
[11.103] [INFO]  [SSFN]   Rendering char5
[11.103] [INFO]  [SSFN]   ssfn_render returned1
[11.104] [INFO]  [SSFN]   Rendering char6
[11.105] [INFO]  [SSFN]   ssfn_render returned1
[11.105] [INFO]  [SSFN]   Rendering char7
[11.106] [INFO]  [SSFN]   ssfn_render returned1
[11.106] [INFO]  [SSFN]   Rendering char8
[11.107] [INFO]  [SSFN]   ssfn_render returned1
[11.107] [INFO]  [SSFN]   Rendering char9
[11.108] [INFO]  [SSFN]   ssfn_render returned1
[11.108] [INFO]  [SSFN]   Rendering char10
[11.108] [INFO]  [SSFN]   ssfn_render returned1
[11.109] [INFO]  [SSFN]   Rendering char11
[11.109] [INFO]  [SSFN]   ssfn_render returned1
[11.110] [INFO]  [SSFN]   Rendering char12
[11.110] [INFO]  [SSFN]   ssfn_render returned1
[11.111] [INFO]  [SSFN]   Rendering char13
[11.111] [INFO]  [SSFN]   ssfn_render returned1
[11.111] [INFO]  [SSFN]   Rendering char14
[11.112] [INFO]  [SSFN]   ssfn_render returned1
[11.112] [INFO]  [SSFN]   Rendering char15
[11.112] [INFO]  [SSFN]   ssfn_render returned1
[11.113] [INFO]  [SSFN]   Rendering char16
[11.113] [INFO]  [SSFN]   ssfn_render returned1
[11.114] [INFO]  [SSFN]   Rendering char17
[11.114] [INFO]  [SSFN]   ssfn_render returned1
[11.114] [INFO]  [SSFN]   Rendering char18
[11.114] [INFO]  [SSFN]   ssfn_render returned1
[11.114] [INFO]  [SSFN]   Rendering char19
[11.114] [INFO]  [SSFN]   ssfn_render returned1
[11.115] [INFO]  [SSFN]   Rendering char20
[11.115] [INFO]  [SSFN]   ssfn_render returned1
[11.116] [INFO]  [SSFN]   Rendering char21
[11.116] [INFO]  [SSFN]   ssfn_render returned1
[11.117] [INFO]  [SSFN]   Rendering char22
[11.117] [INFO]  [SSFN]   ssfn_render returned1
[11.118] [INFO]  [SSFN]   Rendering char23
[11.118] [INFO]  [SSFN]   ssfn_render returned2
[11.118] [INFO]  [SSFN]   Rendering char24
[11.119] [INFO]  [SSFN]   ssfn_render returned1
[11.119] [INFO]  [SSFN]   Rendering char25
[11.119] [INFO]  [SSFN]   ssfn_render returned1
[11.120] [INFO]  [SSFN]   Rendering char26
[11.120] [INFO]  [SSFN]   ssfn_render returned1
[11.121] [INFO]  [SSFN]   Rendering char27
[11.121] [INFO]  [SSFN]   ssfn_render returned1
[11.122] [INFO]  [SSFN]   Rendering char28
[11.122] [INFO]  [SSFN]   ssfn_render returned1
[11.122] [INFO]  [SSFN]   Rendering char29
[11.122] [INFO]  [SSFN]   ssfn_render returned1
[11.123] [INFO]  [SSFN]   Rendering char30
[11.123] [INFO]  [SSFN]   ssfn_render returned1
[11.123] [INFO]  [SSFN] render_text called
[11.124] [INFO]  [SSFN]   ssfn_ctx0x8027B060
[11.125] [INFO]  [SSFN]   ssfn_buf.ptr0xE0000000
[11.126] [INFO]  [SSFN]   Rendering char0
[11.126] [INFO]  [SSFN]   ssfn_render returned1
[11.127] [INFO]  [SSFN]   Rendering char1
[11.127] [INFO]  [SSFN]   ssfn_render returned1
[11.128] [INFO]  [SSFN]   Rendering char2
[11.129] [INFO]  [SSFN]   ssfn_render returned1
[11.130] [INFO]  [SSFN]   Rendering char3
[11.130] [INFO]  [SSFN]   ssfn_render returned1
[11.131] [INFO]  [SSFN]   Rendering char4
[11.131] [INFO]  [SSFN]   ssfn_render returned1
[11.131] [INFO]  [SSFN]   Rendering char5
[11.132] [INFO]  [SSFN]   ssfn_render returned1
[11.132] [INFO]  [SSFN]   Rendering char6
[11.133] [INFO]  [SSFN]   ssfn_render returned1
[11.133] [INFO]  [SSFN]   Rendering char7
[11.134] [INFO]  [SSFN]   ssfn_render returned1
[11.134] [INFO]  [SSFN]   Rendering char8
[11.135] [INFO]  [SSFN]   ssfn_render returned1
[11.136] [INFO]  [SSFN]   Rendering char9
[11.136] [INFO]  [SSFN]   ssfn_render returned1
[11.137] [INFO]  [SSFN]   Rendering char10
[11.137] [INFO]  [SSFN]   ssfn_render returned1
[11.138] [INFO]  [SSFN]   Rendering char11
[11.138] [INFO]  [SSFN]   ssfn_render returned1
[11.138] [INFO]  [SSFN]   Rendering char12
[11.139] [INFO]  [SSFN]   ssfn_render returned1
[11.140] [INFO]  [SSFN]   Rendering char13
[11.140] [INFO]  [SSFN]   ssfn_render returned2
[11.141] [INFO]  [SSFN]   Rendering char14
[11.141] [INFO]  [SSFN]   ssfn_render returned1
[11.142] [INFO]  [SSFN]   Rendering char15
[11.142] [INFO]  [SSFN]   ssfn_render returned1
[11.143] [INFO]  [SSFN]   Rendering char16
[11.143] [INFO]  [SSFN]   ssfn_render returned1
[11.144] [INFO]  [SSFN]   Rendering char17
[11.144] [INFO]  [SSFN]   ssfn_render returned1
[11.145] [INFO]  [SSFN]   Rendering char18
[11.145] [INFO]  [SSFN]   ssfn_render returned2
[11.146] [INFO]  [SSFN]   Rendering char19
[11.146] [INFO]  [SSFN]   ssfn_render returned1
[11.146] [INFO]  [SSFN]   Rendering char20
[11.146] [INFO]  [SSFN]   ssfn_render returned1
[11.146] [INFO]  [SSFN]   Rendering char21
[11.147] [INFO]  [SSFN]   ssfn_render returned1
[11.148] [INFO]  [SSFN]   Rendering char22
[11.148] [INFO]  [SSFN]   ssfn_render returned1
[11.149] [INFO]  [SSFN]   Rendering char23
[11.149] [INFO]  [SSFN]   ssfn_render returned1
[11.149] [INFO]  [SSFN]   Rendering char24
[11.150] [INFO]  [SSFN]   ssfn_render returned1
[11.150] [INFO]  [SSFN]   Rendering char25
[11.151] [INFO]  [SSFN]   ssfn_render returned1
[11.151] [INFO]  [SSFN]   Rendering char26
[11.152] [INFO]  [SSFN]   ssfn_render returned1
[11.152] [INFO]  [SSFN]   Rendering char27
[11.153] [INFO]  [SSFN]   ssfn_render returned1
[11.154] [INFO]  [SSFN]   Rendering char28
[11.154] [INFO]  [SSFN]   ssfn_render returned1
[11.155] [INFO]  [SSFN]   Rendering char29
[11.155] [INFO]  [SSFN]   ssfn_render returned1
[11.156] [INFO]  [SSFN]   Rendering char30
[11.157] [INFO]  [SSFN]   ssfn_render returned1
[11.157] [INFO]  [SSFN]   Rendering char31
[11.158] [INFO]  [SSFN]   ssfn_render returned1
[11.158] [INFO]  [SSFN]   Rendering char32
[11.159] [INFO]  [SSFN]   ssfn_render returned1
[11.159] [INFO]  [SSFN]   Rendering char33
[11.160] [INFO]  [SSFN]   ssfn_render returned1
[11.160] [INFO]  [SSFN]   Rendering char34
[11.161] [INFO]  [SSFN]   ssfn_render returned1
[11.161] [INFO]  [SSFN]   Rendering char35
[11.162] [INFO]  [SSFN]   ssfn_render returned1
[11.163] [INFO]  [SSFN]   Rendering char36
[11.163] [INFO]  [SSFN]   ssfn_render returned1
[11.164] [INFO]  [SSFN]   Rendering char37
[11.166] [INFO]  [SSFN]   ssfn_render returned1
[11.167] [INFO]  [SSFN] render_text called
[11.167] [INFO]  [SSFN]   ssfn_ctx0x8027B060
[11.168] [INFO]  [SSFN]   ssfn_buf.ptr0xE0000000
[11.168] [INFO]  [SSFN]   Rendering char0
[11.169] [INFO]  [SSFN]   ssfn_render returned1
[11.169] [INFO]  [SSFN]   Rendering char1
[11.170] [INFO]  [SSFN]   ssfn_render returned1
[11.171] [INFO]  [SSFN]   Rendering char2
[11.171] [INFO]  [SSFN]   ssfn_render returned1
[11.171] [INFO]  [SSFN]   Rendering char3
[11.172] [INFO]  [SSFN]   ssfn_render returned1
[11.173] [INFO]  [SSFN]   Rendering char4
[11.173] [INFO]  [SSFN]   ssfn_render returned1
[11.173] [INFO]  [SSFN]   Rendering char5
[11.174] [INFO]  [SSFN]   ssfn_render returned1
[11.174] [INFO]  [SSFN]   Rendering char6
[11.175] [INFO]  [SSFN]   ssfn_render returned1
[11.175] [INFO]  [SSFN]   Rendering char7
[11.176] [INFO]  [SSFN]   ssfn_render returned1
[11.176] [INFO]  [SSFN]   Rendering char8
[11.177] [INFO]  [SSFN]   ssfn_render returned1
[11.178] [INFO]  [SSFN]   Rendering char9
[11.178] [INFO]  [SSFN]   ssfn_render returned1
[11.178] [INFO]  [SSFN]   Rendering char10
[11.179] [INFO]  [SSFN]   ssfn_render returned1
[11.179] [INFO]  [SSFN]   Rendering char11
[11.180] [INFO]  [SSFN]   ssfn_render returned1
[11.180] [INFO]  [SSFN]   Rendering char12
[11.181] [INFO]  [SSFN]   ssfn_render returned1
[11.181] [INFO]  [SSFN]   Rendering char13
[11.182] [INFO]  [SSFN]   ssfn_render returned1
[11.183] [INFO]  [SSFN]   Rendering char14
[11.184] [INFO]  [SSFN]   ssfn_render returned1
[11.184] [INFO]  [SSFN]   Rendering char15
[11.185] [INFO]  [SSFN]   ssfn_render returned1
[11.185] [INFO]  [SSFN]   Rendering char16
[11.186] [INFO]  [SSFN]   ssfn_render returned1
[11.187] [INFO]  [SSFN]   Rendering char17
[11.188] [INFO]  [SSFN]   ssfn_render returned1
[11.188] [INFO]  [SSFN]   Rendering char18
[11.189] [INFO]  [SSFN]   ssfn_render returned1
[11.189] [INFO]  [SSFN]   Rendering char19
[11.189] [INFO]  [SSFN]   ssfn_render returned1
[11.190] [INFO]  [SSFN]   Rendering char20
[11.190] [INFO]  [SSFN]   ssfn_render returned1
[11.190] [INFO]  [SSFN]   Rendering char21
[11.190] [INFO]  [SSFN]   ssfn_render returned1
[11.191] [INFO]  [SSFN] render_text called
[11.191] [INFO]  [SSFN]   ssfn_ctx0x8027B060
[11.191] [INFO]  [SSFN]   ssfn_buf.ptr0xE0000000
[11.192] [INFO]  [SSFN]   Rendering char0
[11.192] [INFO]  [SSFN]   ssfn_render returned3
[11.193] [INFO]  [SSFN]   Rendering char1
[11.193] [INFO]  [SSFN]   ssfn_render returned1
[11.194] [INFO]  [SSFN]   Rendering char2
[11.195] [INFO]  [SSFN]   ssfn_render returned1
[11.195] [INFO]  [SSFN]   Rendering char3
[11.196] [INFO]  [SSFN]   ssfn_render returned1
[11.197] [INFO]  [SSFN]   Rendering char4
[11.197] [INFO]  [SSFN]   ssfn_render returned1
[11.198] [INFO]  [SSFN]   Rendering char5
[11.198] [INFO]  [SSFN]   ssfn_render returned1
[11.199] [INFO]  [SSFN]   Rendering char6
[11.199] [INFO]  [SSFN]   ssfn_render returned2
[11.199] [INFO]  [SSFN]   Rendering char7
[11.200] [INFO]  [SSFN]   ssfn_render returned1
[11.200] [INFO]  [SSFN]   Rendering char8
[11.201] [INFO]  [SSFN]   ssfn_render returned1
[11.201] [INFO]  [SSFN]   Rendering char9
[11.202] [INFO]  [SSFN]   ssfn_render returned1
[11.202] [INFO]  [SSFN]   Rendering char10
[11.203] [INFO]  [SSFN]   ssfn_render returned1
[11.203] [INFO]  [SSFN]   Rendering char11
[11.204] [INFO]  [SSFN]   ssfn_render returned1
[11.205] [INFO]  [SSFN]   Rendering char12
[11.205] [INFO]  [SSFN]   ssfn_render returned2
[11.206] [INFO]  [SSFN]   Rendering char13
[11.206] [INFO]  [SSFN]   ssfn_render returned2
[11.207] [INFO]  [SSFN]   Rendering char14
[11.207] [INFO]  [SSFN]   ssfn_render returned2
[11.208] [INFO]  [SSFN]   Rendering char15
[11.208] [INFO]  [SSFN]   ssfn_render returned2
[11.208] [INFO]  [SSFN]   Rendering char16
[11.209] [INFO]  [SSFN]   ssfn_render returned2
[11.209] [INFO]  [SSFN]   Rendering char17
[11.210] [INFO]  [SSFN]   ssfn_render returned2
[11.210] [INFO]  [SSFN]   Rendering char18
[11.211] [INFO]  [SSFN]   ssfn_render returned2
[11.211] [INFO]  [SSFN]   Rendering char19
[11.212] [INFO]  [SSFN]   ssfn_render returned2
[11.212] [INFO]  [SSFN]   Rendering char20
[11.213] [INFO]  [SSFN]   ssfn_render returned2
[11.213] [INFO]  [SSFN]   Rendering char21
[11.214] [INFO]  [SSFN]   ssfn_render returned2
[11.214] [INFO]  [SSFN] render_text called
[11.215] [INFO]  [SSFN]   ssfn_ctx0x8027B060
[11.215] [INFO]  [SSFN]   ssfn_buf.ptr0xE0000000
[11.215] [INFO]  [SSFN]   Rendering char0
[11.217] [INFO]  [SSFN]   ssfn_render returned3
[11.217] [INFO]  [SSFN]   Rendering char1
[11.217] [INFO]  [SSFN]   ssfn_render returned1
[11.217] [INFO]  [SSFN]   Rendering char2
[11.218] [INFO]  [SSFN]   ssfn_render returned1
[11.218] [INFO]  [SSFN]   Rendering char3
[11.219] [INFO]  [SSFN]   ssfn_render returned1
[11.219] [INFO]  [SSFN]   Rendering char4
[11.220] [INFO]  [SSFN]   ssfn_render returned1
[11.220] [INFO]  [SSFN]   Rendering char5
[11.221] [INFO]  [SSFN]   ssfn_render returned1
[11.221] [INFO]  [SSFN]   Rendering char6
[11.222] [INFO]  [SSFN]   ssfn_render returned1
[11.222] [INFO]  [SSFN]   Rendering char7
[11.223] [INFO]  [SSFN]   ssfn_render returned1
[11.223] [INFO]  [SSFN]   Rendering char8
[11.224] [INFO]  [SSFN]   ssfn_render returned1
[11.225] [INFO]  [SSFN]   Rendering char9
[11.225] [INFO]  [SSFN]   ssfn_render returned1
[11.225] [INFO]  [SSFN]   Rendering char10
[11.226] [INFO]  [SSFN]   ssfn_render returned1
[11.226] [INFO]  [SSFN]   Rendering char11
[11.227] [INFO]  [SSFN]   ssfn_render returned2
[11.227] [INFO]  [SSFN]   Rendering char12
[11.228] [INFO]  [SSFN]   ssfn_render returned2
[11.228] [INFO]  [SSFN]   Rendering char13
[11.229] [INFO]  [SSFN]   ssfn_render returned2
[11.229] [INFO]  [SSFN]   Rendering char14
[11.229] [INFO]  [SSFN]   ssfn_render returned2
[11.230] [INFO]  [SSFN] render_text called
[11.230] [INFO]  [SSFN]   ssfn_ctx0x8027B060
[11.230] [INFO]  [SSFN]   ssfn_buf.ptr0xE0000000
[11.230] [INFO]  [SSFN]   Rendering char0
[11.231] [INFO]  [SSFN]   ssfn_render returned3
[11.231] [INFO]  [SSFN]   Rendering char1
[11.232] [INFO]  [SSFN]   ssfn_render returned1
[11.233] [INFO]  [SSFN]   Rendering char2
[11.233] [INFO]  [SSFN]   ssfn_render returned3
[11.234] [INFO]  [SSFN]   Rendering char3
[11.234] [INFO]  [SSFN]   ssfn_render returned3
[11.235] [INFO]  [SSFN]   Rendering char4
[11.235] [INFO]  [SSFN]   ssfn_render returned3
[11.236] [INFO]  [SSFN]   Rendering char5
[11.236] [INFO]  [SSFN]   ssfn_render returned1
[11.236] [INFO]  [SSFN]   Rendering char6
[11.237] [INFO]  [SSFN]   ssfn_render returned1
[11.237] [INFO]  [SSFN]   Rendering char7
[11.238] [INFO]  [SSFN]   ssfn_render returned3
[11.238] [INFO]  [SSFN]   Rendering char8
[11.239] [INFO]  [SSFN]   ssfn_render returned3
[11.239] [INFO]  [SSFN]   Rendering char9
[11.240] [INFO]  [SSFN]   ssfn_render returned3
[11.240] [INFO]  [SSFN]   Rendering char10
[11.241] [INFO]  [SSFN]   ssfn_render returned3
[11.242] [INFO]  [SSFN] render_text called
[11.243] [INFO]  [SSFN]   ssfn_ctx0x8027B060
[11.243] [INFO]  [SSFN]   ssfn_buf.ptr0xE0000000
[11.243] [INFO]  [SSFN]   Rendering char0
[11.244] [INFO]  [SSFN]   ssfn_render returned3
[11.244] [INFO]  [SSFN]   Rendering char1
[11.245] [INFO]  [SSFN]   ssfn_render returned1
[11.245] [INFO]  [SSFN]   Rendering char2
[11.246] [INFO]  [SSFN]   ssfn_render returned2
[11.246] [INFO]  [SSFN]   Rendering char3
[11.247] [INFO]  [SSFN]   ssfn_render returned2
[11.247] [INFO]  [SSFN]   Rendering char4
[11.248] [INFO]  [SSFN]   ssfn_render returned2
[11.248] [INFO]  [SSFN]   Rendering char5
[11.248] [INFO]  [SSFN]   ssfn_render returned2
[11.249] [INFO]  [SSFN]   Rendering char6
[11.249] [INFO]  [SSFN]   ssfn_render returned2
[11.249] [INFO]  [SSFN]   Rendering char7
[11.250] [INFO]  [SSFN]   ssfn_render returned2
[11.250] [INFO]  [SSFN]   Rendering char8
[11.251] [INFO]  [SSFN]   ssfn_render returned2
[11.252] [INFO]  [SSFN]   Rendering char9
[11.252] [INFO]  [SSFN]   ssfn_render returned1
[11.253] [INFO]  [SSFN]   Rendering char10
[11.253] [INFO]  [SSFN]   ssfn_render returned1
[11.253] [INFO]  [SSFN]   Rendering char11
[11.254] [INFO]  [SSFN]   ssfn_render returned2
[11.254] [INFO]  [SSFN]   Rendering char12
[11.255] [INFO]  [SSFN]   ssfn_render returned2
[11.255] [INFO]  [SSFN]   Rendering char13
[11.255] [INFO]  [SSFN]   ssfn_render returned2
[11.256] [INFO]  [SSFN]   Rendering char14
[11.256] [INFO]  [SSFN]   ssfn_render returned2
[11.257] [INFO]  [SSFN]   Rendering char15
[11.257] [INFO]  [SSFN]   ssfn_render returned2
[11.258] [INFO]  [SSFN]   Rendering char16
[11.258] [INFO]  [SSFN]   ssfn_render returned2
[11.258] [INFO]  [SSFN] render_text called
[11.258] [INFO]  [SSFN]   ssfn_ctx0x8027B060
[11.258] [INFO]  [SSFN]   ssfn_buf.ptr0xE0000000
[11.259] [INFO]  [SSFN]   Rendering char0
[11.259] [INFO]  [SSFN]   ssfn_render returned1
[11.260] [INFO]  [SSFN]   Rendering char1
[11.260] [INFO]  [SSFN]   ssfn_render returned2
[11.261] [INFO]  [SSFN]   Rendering char2
[11.262] [INFO]  [SSFN]   ssfn_render returned1
[11.263] [INFO]  [SSFN]   Rendering char3
[11.264] [INFO]  [SSFN]   ssfn_render returned1
[11.265] [INFO]  [SSFN]   Rendering char4
[11.266] [INFO]  [SSFN]   ssfn_render returned1
[11.267] [INFO]  [SSFN]   Rendering char5
[11.267] [INFO]  [SSFN]   ssfn_render returned1
[11.267] [INFO]  [SSFN]   Rendering char6
[11.268] [INFO]  [SSFN]   ssfn_render returned1
[11.268] [INFO]  [SSFN]   Rendering char7
[11.269] [INFO]  [SSFN]   ssfn_render returned1
[11.270] [INFO]  [SSFN]   Rendering char8
[11.270] [INFO]  [SSFN]   ssfn_render returned1
[11.270] [INFO]  [SSFN]   Rendering char9
[11.271] [INFO]  [SSFN]   ssfn_render returned3
[11.272] [INFO]  [SHELL] Prompt displayed, waiting for input...
